#
# A fatal error has been detected by the Java Runtime Environment:
#
#  EXCEPTION_ACCESS_VIOLATION (0xc0000005) at pc=0x00007ffe6b116e48, pid=11972, tid=1164
#
# JRE version: Java(TM) SE Runtime Environment (7.0_80-b15) (build 1.7.0_80-b15)
# Java VM: Java HotSpot(TM) 64-Bit Server VM (24.80-b11 mixed mode windows-amd64 compressed oops)
# Problematic frame:
# C  [opencv_imgproc310.dll+0x126e48]
#
# Failed to write core dump. Minidumps are not enabled by default on client versions of Windows
#
# If you would like to submit a bug report, please visit:
#   http://bugreport.java.com/bugreport/crash.jsp
# The crash happened outside the Java Virtual Machine in native code.
# See problematic frame for where to report the bug.
#

---------------  T H R E A D  ---------------

Current thread (0x000000000171d800):  JavaThread "main" [_thread_in_native, id=1164, stack(0x0000000003190000,0x0000000003290000)]

siginfo: ExceptionCode=0xc0000005, reading address 0x0000000026ed7000

Registers:
RAX=0x000000000328e130, RBX=0x0000000026ed6fc0, RCX=0x0000000000000018, RDX=0x000000000328e280
RSP=0x000000000328e0a0, RBP=0x000000000328e1a0, RSI=0x00000000c9d616b0, RDI=0x0000000026ed6ff0
R8 =0x0000000000000008, R9 =0x0000000000000006, R10=0x0000000000000000, R11=0x000000000328e050
R12=0x0000000000000000, R13=0x000000072efc4fe8, R14=0x0000000000000000, R15=0x0000000026ed6fc0
RIP=0x00007ffe6b116e48, EFLAGS=0x0000000000010202

Top of Stack: (sp=0x000000000328e0a0)
0x000000000328e0a0:   0000000026ed6fc0 000000000328e1a0
0x000000000328e0b0:   00000000c9d616b0 000000005d210495
0x000000000328e0c0:   000000000328e250 0000000000000000
0x000000000328e0d0:   0000000000000001 000000005d210495
0x000000000328e0e0:   000000000171d800 000000005d1698a9
0x000000000328e0f0:   000000005d5c9338 000000005d16a07a
0x000000000328e100:   000000000171e010 000000000171e450
0x000000000328e110:   000000005d5c9338 000000005d16a07a
0x000000000328e120:   fffffffffffffffe 00000000c9d616b0
0x000000000328e130:   0000000242ff4006 0000000100000006
0x000000000328e140:   000000000328e250 000000000328e250
0x000000000328e150:   000000000328e280 000000000328e280
0x000000000328e160:   0000000000000000 0000000000000000
0x000000000328e170:   000000000328e138 000000000328e180
0x000000000328e180:   0000000000000008 0000000000000008
0x000000000328e190:   0000000242ff4006 0000000100000006 

Instructions: (pc=0x00007ffe6b116e48)
0x00007ffe6b116e28:   00 00 0f 29 9d c0 01 00 00 f2 0f 11 9d b8 01 00
0x00007ffe6b116e38:   00 0f 11 9d d8 01 00 00 f2 0f 11 9d d0 01 00 00
0x00007ffe6b116e48:   f3 0f 10 47 10 0f 5a c0 f2 0f 11 85 d0 00 00 00
0x00007ffe6b116e58:   f3 0f 10 4f 14 0f 5a c9 f2 0f 11 8d d8 00 00 00 


Register to memory mapping:

RAX=0x000000000328e130 is pointing into the stack for thread: 0x000000000171d800
RBX=0x0000000026ed6fc0 is an unknown value
RCX=0x0000000000000018 is an unknown value
RDX=0x000000000328e280 is pointing into the stack for thread: 0x000000000171d800
RSP=0x000000000328e0a0 is pointing into the stack for thread: 0x000000000171d800
RBP=0x000000000328e1a0 is pointing into the stack for thread: 0x000000000171d800
RSI=0x00000000c9d616b0 is an unknown value
RDI=0x0000000026ed6ff0 is an unknown value
R8 =0x0000000000000008 is an unknown value
R9 =0x0000000000000006 is an unknown value
R10=0x0000000000000000 is an unknown value
R11=0x000000000328e050 is pointing into the stack for thread: 0x000000000171d800
R12=0x0000000000000000 is an unknown value
R13=0x000000072efc4fe8 is an oop
{method} 
 - klass: {other class}
R14=0x0000000000000000 is an unknown value
R15=0x0000000026ed6fc0 is an unknown value


Stack: [0x0000000003190000,0x0000000003290000],  sp=0x000000000328e0a0,  free space=1016k
Native frames: (J=compiled Java code, j=interpreted, Vv=VM code, C=native code)
C  [opencv_imgproc310.dll+0x126e48]

Java frames: (J=compiled Java code, j=interpreted, Vv=VM code)
j  org.bytedeco.javacpp.opencv_imgproc.getAffineTransform(Lorg/bytedeco/javacpp/opencv_core$Point2f;Lorg/bytedeco/javacpp/opencv_core$Point2f;)Lorg/bytedeco/javacpp/opencv_core$Mat;+0
j  com.crenjoy.easypr.core.PlateLocate.affine(Lorg/bytedeco/javacpp/opencv_core$Mat;Lorg/bytedeco/javacpp/opencv_core$Mat;F)V+266
j  com.crenjoy.easypr.core.PlateLocate.rotatedMat(Lorg/bytedeco/javacpp/opencv_core$Mat;Lorg/bytedeco/javacpp/opencv_core$Mat;Lorg/bytedeco/javacpp/opencv_core$RotatedRect;)Lorg/bytedeco/javacpp/opencv_core$Mat;+248
j  com.crenjoy.easypr.core.PlateLocate.deskew(Lorg/bytedeco/javacpp/opencv_core$Mat;Lorg/bytedeco/javacpp/opencv_core$Mat;Ljava/util/Vector;Ljava/util/Vector;)I+71
j  com.crenjoy.easypr.core.PlateLocateSobel.locate(Lorg/bytedeco/javacpp/opencv_core$Mat;)Ljava/util/Vector;+51
j  com.crenjoy.easypr.core.PlateRecognitionImpl.locateBySobel(Lorg/bytedeco/javacpp/opencv_core$Mat;)Ljava/util/Vector;+5
j  com.crenjoy.easypr.core.PlateRecognition.locate(Lorg/bytedeco/javacpp/opencv_core$Mat;)Ljava/util/Vector;+21
j  com.crenjoy.easypr.core.PlateRecognition.plateRecognize(Lorg/bytedeco/javacpp/opencv_core$Mat;)Ljava/util/Map;+2
j  com.crenjoy.easypr.core.PlateRecognition.plateRecognize(Ljava/lang/String;)Ljava/util/Map;+7
j  com.crenjoy.easypr.core.ReTrain.recognize_2(Ljava/lang/String;Ljava/lang/String;)V+103
j  com.crenjoy.easypr.test.PlateRecognizeTest.test()V+25
v  ~StubRoutines::call_stub
j  sun.reflect.NativeMethodAccessorImpl.invoke0(Ljava/lang/reflect/Method;Ljava/lang/Object;[Ljava/lang/Object;)Ljava/lang/Object;+0
j  sun.reflect.NativeMethodAccessorImpl.invoke(Ljava/lang/Object;[Ljava/lang/Object;)Ljava/lang/Object;+87
j  sun.reflect.DelegatingMethodAccessorImpl.invoke(Ljava/lang/Object;[Ljava/lang/Object;)Ljava/lang/Object;+6
j  java.lang.reflect.Method.invoke(Ljava/lang/Object;[Ljava/lang/Object;)Ljava/lang/Object;+57
j  org.junit.runners.model.FrameworkMethod$1.runReflectiveCall()Ljava/lang/Object;+15
j  org.junit.internal.runners.model.ReflectiveCallable.run()Ljava/lang/Object;+1
j  org.junit.runners.model.FrameworkMethod.invokeExplosively(Ljava/lang/Object;[Ljava/lang/Object;)Ljava/lang/Object;+10
j  org.junit.internal.runners.statements.InvokeMethod.evaluate()V+12
j  org.junit.runners.ParentRunner.runLeaf(Lorg/junit/runners/model/Statement;Lorg/junit/runner/Description;Lorg/junit/runner/notification/RunNotifier;)V+17
j  org.junit.runners.BlockJUnit4ClassRunner.runChild(Lorg/junit/runners/model/FrameworkMethod;Lorg/junit/runner/notification/RunNotifier;)V+32
j  org.junit.runners.BlockJUnit4ClassRunner.runChild(Ljava/lang/Object;Lorg/junit/runner/notification/RunNotifier;)V+6
j  org.junit.runners.ParentRunner$3.run()V+12
j  org.junit.runners.ParentRunner$1.schedule(Ljava/lang/Runnable;)V+1
j  org.junit.runners.ParentRunner.runChildren(Lorg/junit/runner/notification/RunNotifier;)V+40
j  org.junit.runners.ParentRunner.access$000(Lorg/junit/runners/ParentRunner;Lorg/junit/runner/notification/RunNotifier;)V+2
j  org.junit.runners.ParentRunner$2.evaluate()V+8
j  org.junit.runners.ParentRunner.run(Lorg/junit/runner/notification/RunNotifier;)V+20
j  org.eclipse.jdt.internal.junit4.runner.JUnit4TestReference.run(Lorg/eclipse/jdt/internal/junit/runner/TestExecution;)V+72
j  org.eclipse.jdt.internal.junit.runner.TestExecution.run([Lorg/eclipse/jdt/internal/junit/runner/ITestReference;)V+17
j  org.eclipse.jdt.internal.junit.runner.RemoteTestRunner.runTests([Ljava/lang/String;Ljava/lang/String;Lorg/eclipse/jdt/internal/junit/runner/TestExecution;)V+61
j  org.eclipse.jdt.internal.junit.runner.RemoteTestRunner.runTests(Lorg/eclipse/jdt/internal/junit/runner/TestExecution;)V+10
j  org.eclipse.jdt.internal.junit.runner.RemoteTestRunner.run()V+70
j  org.eclipse.jdt.internal.junit.runner.RemoteTestRunner.main([Ljava/lang/String;)V+14
v  ~StubRoutines::call_stub

---------------  P R O C E S S  ---------------

Java Threads: ( => current thread )
  0x000000000fef5000 JavaThread "ReaderThread" [_thread_in_native, id=11928, stack(0x0000000010200000,0x0000000010300000)]
  0x000000000e4b5800 JavaThread "Service Thread" daemon [_thread_blocked, id=10300, stack(0x000000000fc00000,0x000000000fd00000)]
  0x000000000e4b3000 JavaThread "C2 CompilerThread1" daemon [_thread_blocked, id=9388, stack(0x000000000fb00000,0x000000000fc00000)]
  0x000000000e4b0800 JavaThread "C2 CompilerThread0" daemon [_thread_blocked, id=10132, stack(0x000000000fa00000,0x000000000fb00000)]
  0x000000000e4af800 JavaThread "Attach Listener" daemon [_thread_blocked, id=5524, stack(0x000000000f900000,0x000000000fa00000)]
  0x000000000e4ac800 JavaThread "Signal Dispatcher" daemon [_thread_blocked, id=5144, stack(0x000000000f800000,0x000000000f900000)]
  0x000000000e45e800 JavaThread "Finalizer" daemon [_thread_blocked, id=10280, stack(0x000000000f700000,0x000000000f800000)]
  0x000000000e455800 JavaThread "Reference Handler" daemon [_thread_blocked, id=7396, stack(0x000000000f600000,0x000000000f700000)]
=>0x000000000171d800 JavaThread "main" [_thread_in_native, id=1164, stack(0x0000000003190000,0x0000000003290000)]

Other Threads:
  0x000000000e451000 VMThread [stack: 0x000000000f500000,0x000000000f600000] [id=7720]
  0x000000000e4ce000 WatcherThread [stack: 0x000000000fd00000,0x000000000fe00000] [id=5044]

VM state:not at safepoint (normal execution)

VM Mutex/Monitor currently owned by a thread: None

Heap
 PSYoungGen      total 924672K, used 765078K [0x00000007bf800000, 0x0000000800000000, 0x0000000800000000)
  eden space 792576K, 94% used [0x00000007bf800000,0x00000007ed0a54c0,0x00000007efe00000)
  from space 132096K, 14% used [0x00000007efe00000,0x00000007f1080470,0x00000007f7f00000)
  to   space 132096K, 0% used [0x00000007f7f00000,0x00000007f7f00000,0x0000000800000000)
 ParOldGen       total 2113536K, used 8K [0x000000073e800000, 0x00000007bf800000, 0x00000007bf800000)
  object space 2113536K, 0% used [0x000000073e800000,0x000000073e802000,0x00000007bf800000)
 PSPermGen       total 262144K, used 8602K [0x000000072e800000, 0x000000073e800000, 0x000000073e800000)
  object space 262144K, 3% used [0x000000072e800000,0x000000072f066840,0x000000073e800000)

Card table byte_map: [0x0000000006450000,0x0000000006ae0000] byte_map_base: 0x0000000002adc000

Polling page: 0x00000000016c0000

Code Cache  [0x0000000003390000, 0x0000000003600000, 0x0000000006390000)
 total_blobs=584 nmethods=203 adapters=333 free_code_cache=48240Kb largest_free_block=49362496

Compilation events (10 events):
Event: 52.968 Thread 0x000000000e4b3000  209             com.crenjoy.easypr.ObjectPointer::get (9 bytes)
Event: 52.969 Thread 0x000000000e4b3000 nmethod 209 0x0000000003476c90 code [0x0000000003476de0, 0x0000000003477078]
Event: 53.895 Thread 0x000000000e4b0800  211             java.util.concurrent.ConcurrentHashMap::hash (81 bytes)
Event: 53.896 Thread 0x000000000e4b0800 nmethod 211 0x0000000003471c50 code [0x0000000003471da0, 0x0000000003471ed8]
Event: 54.764 Thread 0x000000000e4b3000  212   !         java.util.Formatter::format (271 bytes)
Event: 54.847 Thread 0x000000000e4b3000 nmethod 212 0x0000000003477210 code [0x0000000003477a40, 0x00000000034795d8]
Event: 57.454 Thread 0x000000000e4b0800  213             java.util.AbstractCollection::<init> (5 bytes)
Event: 57.454 Thread 0x000000000e4b0800 nmethod 213 0x0000000003473710 code [0x0000000003473840, 0x0000000003473898]
Event: 60.249 Thread 0x000000000e4b3000  214             java.util.AbstractList::<init> (10 bytes)
Event: 60.249 Thread 0x000000000e4b3000 nmethod 214 0x0000000003434dd0 code [0x0000000003434f00, 0x0000000003434f58]

GC Heap History (2 events):
Event: 35.727 GC heap before
{Heap before GC invocations=1 (full 0):
 PSYoungGen      total 924672K, used 792576K [0x00000007bf800000, 0x0000000800000000, 0x0000000800000000)
  eden space 792576K, 100% used [0x00000007bf800000,0x00000007efe00000,0x00000007efe00000)
  from space 132096K, 0% used [0x00000007f7f00000,0x00000007f7f00000,0x0000000800000000)
  to   space 132096K, 0% used [0x00000007efe00000,0x00000007efe00000,0x00000007f7f00000)
 ParOldGen       total 2113536K, used 0K [0x000000073e800000, 0x00000007bf800000, 0x00000007bf800000)
  object space 2113536K, 0% used [0x000000073e800000,0x000000073e800000,0x00000007bf800000)
 PSPermGen       total 262144K, used 8577K [0x000000072e800000, 0x000000073e800000, 0x000000073e800000)
  object space 262144K, 3% used [0x000000072e800000,0x000000072f060618,0x000000073e800000)
Event: 36.101 GC heap after
Heap after GC invocations=1 (full 0):
 PSYoungGen      total 924672K, used 18945K [0x00000007bf800000, 0x0000000800000000, 0x0000000800000000)
  eden space 792576K, 0% used [0x00000007bf800000,0x00000007bf800000,0x00000007efe00000)
  from space 132096K, 14% used [0x00000007efe00000,0x00000007f1080470,0x00000007f7f00000)
  to   space 132096K, 0% used [0x00000007f7f00000,0x00000007f7f00000,0x0000000800000000)
 ParOldGen       total 2113536K, used 8K [0x000000073e800000, 0x00000007bf800000, 0x00000007bf800000)
  object space 2113536K, 0% used [0x000000073e800000,0x000000073e802000,0x00000007bf800000)
 PSPermGen       total 262144K, used 8577K [0x000000072e800000, 0x000000073e800000, 0x000000073e800000)
  object space 262144K, 3% used [0x000000072e800000,0x000000072f060618,0x000000073e800000)
}

Deoptimization events (10 events):
Event: 2.909 Thread 0x000000000171d800 Uncommon trap: reason=array_check action=maybe_recompile pc=0x0000000003427ae4 method=java.util.Arrays.fill([Ljava/lang/Object;Ljava/lang/Object;)V @ 13
Event: 2.953 Thread 0x000000000171d800 Uncommon trap: reason=unstable_if action=reinterpret pc=0x000000000342ff44 method=com.crenjoy.easypr.core.CoreFunc.colorMatch(Lorg/bytedeco/javacpp/opencv_core$Mat;Lcom/crenjoy/easypr/enums/PlateColor;Z)Lorg/bytedeco/javacpp/opencv_core$Mat; @ 258
Event: 2.980 Thread 0x000000000171d800 Uncommon trap: reason=unstable_if action=reinterpret pc=0x000000000343432c method=com.crenjoy.easypr.core.CoreFunc.clearLiuDingBorder(Lorg/bytedeco/javacpp/opencv_core$Mat;)[I @ 128
Event: 5.963 Thread 0x000000000171d800 Uncommon trap: reason=unstable_if action=reinterpret pc=0x0000000003452da8 method=com.crenjoy.easypr.core.CoreFunc.GetCenterRect(Lorg/bytedeco/javacpp/opencv_core$Mat;)Lorg/bytedeco/javacpp/opencv_core$Rect; @ 152
Event: 36.199 Thread 0x000000000171d800 Uncommon trap: reason=unstable_if action=reinterpret pc=0x0000000003448e0c method=java.lang.ref.ReferenceQueue.poll()Ljava/lang/ref/Reference; @ 4
Event: 36.210 Thread 0x000000000e455800 Uncommon trap: reason=unstable_if action=reinterpret pc=0x000000000346b32c method=java.lang.ref.ReferenceQueue.enqueue(Ljava/lang/ref/Reference;)Z @ 37
Event: 36.211 Thread 0x000000000e455800 Uncommon trap: reason=unstable_if action=reinterpret pc=0x000000000345ecdc method=java.lang.ref.ReferenceQueue.enqueue(Ljava/lang/ref/Reference;)Z @ 70
Event: 36.253 Thread 0x000000000171d800 Uncommon trap: reason=unstable_if action=reinterpret pc=0x0000000003438bd4 method=java.lang.ref.ReferenceQueue.poll()Ljava/lang/ref/Reference; @ 4
Event: 38.261 Thread 0x000000000171d800 Uncommon trap: reason=unstable_if action=reinterpret pc=0x000000000346db44 method=org.bytedeco.javacpp.Pointer$NativeDeallocator.deallocate()V @ 6
Event: 38.495 Thread 0x000000000171d800 Uncommon trap: reason=unstable_if action=reinterpret pc=0x000000000346cd0c method=java.lang.ref.ReferenceQueue.reallyPoll()Ljava/lang/ref/Reference; @ 18

Internal exceptions (10 events):
Event: 2.821 Thread 0x000000000171d800 Threw 0x00000007c3bc3d38 at C:\re\jdk7u80\2329\hotspot\src\share\vm\prims\jvm.cpp:1319
Event: 2.821 Thread 0x000000000171d800 Threw 0x00000007c3bc8530 at C:\re\jdk7u80\2329\hotspot\src\share\vm\prims\jvm.cpp:1319
Event: 2.825 Thread 0x000000000171d800 Threw 0x00000007c3c487d0 at C:\re\jdk7u80\2329\hotspot\src\share\vm\prims\jvm.cpp:1319
Event: 2.837 Thread 0x000000000171d800 Threw 0x00000007c3c4d2b8 at C:\re\jdk7u80\2329\hotspot\src\share\vm\prims\jvm.cpp:1319
Event: 2.840 Thread 0x000000000171d800 Threw 0x00000007c3c76f48 at C:\re\jdk7u80\2329\hotspot\src\share\vm\prims\jvm.cpp:1319
Event: 2.841 Thread 0x000000000171d800 Threw 0x00000007c3c7b448 at C:\re\jdk7u80\2329\hotspot\src\share\vm\prims\jvm.cpp:1319
Event: 2.842 Thread 0x000000000171d800 Threw 0x00000007c3c7f338 at C:\re\jdk7u80\2329\hotspot\src\share\vm\prims\jvm.cpp:1319
Event: 2.844 Thread 0x000000000171d800 Threw 0x00000007c3c87b28 at C:\re\jdk7u80\2329\hotspot\src\share\vm\prims\jvm.cpp:1319
Event: 3.119 Thread 0x000000000171d800 Threw 0x00000007c46af998 at C:\re\jdk7u80\2329\hotspot\src\share\vm\prims\jvm.cpp:1319
Event: 3.165 Thread 0x000000000171d800 Threw 0x00000007c4716148 at C:\re\jdk7u80\2329\hotspot\src\share\vm\prims\jvm.cpp:1319

Events (10 events):
Event: 38.261 Thread 0x000000000171d800 DEOPT PACKING pc=0x000000000346db44 sp=0x000000000328de90
Event: 38.261 Thread 0x000000000171d800 DEOPT UNPACKING pc=0x00000000033c75a4 sp=0x000000000328ddb0 mode 2
Event: 38.495 Thread 0x000000000171d800 Uncommon trap: trap_request=0xffffff75 fr.pc=0x000000000346cd0c
Event: 38.495 Thread 0x000000000171d800 DEOPT PACKING pc=0x000000000346cd0c sp=0x000000000328de90
Event: 38.495 Thread 0x000000000171d800 DEOPT UNPACKING pc=0x00000000033c75a4 sp=0x000000000328dd78 mode 2
Event: 52.969 Thread 0x000000000e4b3000 flushing nmethod 0x0000000003428110
Event: 53.896 Thread 0x000000000e4b0800 flushing nmethod 0x000000000342dc50
Event: 53.896 Thread 0x000000000e4b0800 flushing nmethod 0x000000000342e9d0
Event: 53.896 Thread 0x000000000e4b0800 flushing nmethod 0x000000000342f710
Event: 53.896 Thread 0x000000000e4b0800 flushing nmethod 0x0000000003433b10


Dynamic libraries:
0x00007ff6ecc70000 - 0x00007ff6ecca3000 	D:\Java\jdk1.7.0_80\bin\javaw.exe
0x00007ffea37c0000 - 0x00007ffea3981000 	C:\WINDOWS\SYSTEM32\ntdll.dll
0x00007ffea3120000 - 0x00007ffea31cd000 	C:\WINDOWS\system32\KERNEL32.DLL
0x00007ffe9ff20000 - 0x00007ffea0108000 	C:\WINDOWS\system32\KERNELBASE.dll
0x00007ffea3070000 - 0x00007ffea3117000 	C:\WINDOWS\system32\ADVAPI32.dll
0x00007ffea33a0000 - 0x00007ffea343d000 	C:\WINDOWS\system32\msvcrt.dll
0x00007ffea15a0000 - 0x00007ffea15fb000 	C:\WINDOWS\system32\sechost.dll
0x00007ffea0f50000 - 0x00007ffea106c000 	C:\WINDOWS\system32\RPCRT4.dll
0x00007ffea0cc0000 - 0x00007ffea0e16000 	C:\WINDOWS\system32\USER32.dll
0x00007ffea1290000 - 0x00007ffea1416000 	C:\WINDOWS\system32\GDI32.dll
0x00007ffe97840000 - 0x00007ffe97ab4000 	C:\WINDOWS\WinSxS\amd64_microsoft.windows.common-controls_6595b64144ccf1df_6.0.10586.0_none_8c15ae12515e1c22\COMCTL32.dll
0x00007ffea3540000 - 0x00007ffea37bd000 	C:\WINDOWS\system32\combase.dll
0x00007ffe9feb0000 - 0x00007ffe9ff1a000 	C:\WINDOWS\system32\bcryptPrimitives.dll
0x00007ffea34f0000 - 0x00007ffea352b000 	C:\WINDOWS\system32\IMM32.DLL
0x00007ffe9f230000 - 0x00007ffe9f261000 	C:\Windows\system32\nvinitx.dll
0x00007ffe9f220000 - 0x00007ffe9f22a000 	C:\WINDOWS\SYSTEM32\VERSION.dll
0x000000005d820000 - 0x000000005d8f2000 	D:\Java\jdk1.7.0_80\jre\bin\msvcr100.dll
0x000000005d040000 - 0x000000005d819000 	D:\Java\jdk1.7.0_80\jre\bin\server\jvm.dll
0x00007ffea1440000 - 0x00007ffea1448000 	C:\WINDOWS\system32\PSAPI.DLL
0x00007ffe9e2c0000 - 0x00007ffe9e2e3000 	C:\WINDOWS\SYSTEM32\WINMM.dll
0x00007ffe8ffb0000 - 0x00007ffe8ffb9000 	C:\WINDOWS\SYSTEM32\WSOCK32.dll
0x00007ffea1070000 - 0x00007ffea10db000 	C:\WINDOWS\system32\WS2_32.dll
0x00007ffe9e290000 - 0x00007ffe9e2bc000 	C:\WINDOWS\SYSTEM32\WINMMBASE.dll
0x00007ffea08d0000 - 0x00007ffea0913000 	C:\WINDOWS\system32\cfgmgr32.dll
0x000000005e7e0000 - 0x000000005e7ef000 	D:\Java\jdk1.7.0_80\jre\bin\verify.dll
0x000000005dbb0000 - 0x000000005dbd8000 	D:\Java\jdk1.7.0_80\jre\bin\java.dll
0x000000005db90000 - 0x000000005dba6000 	D:\Java\jdk1.7.0_80\jre\bin\zip.dll
0x000000005db70000 - 0x000000005db8a000 	D:\Java\jdk1.7.0_80\jre\bin\net.dll
0x00007ffe9f6f0000 - 0x00007ffe9f74c000 	C:\WINDOWS\system32\mswsock.dll
0x000000005db50000 - 0x000000005db61000 	D:\Java\jdk1.7.0_80\jre\bin\nio.dll
0x00007ffe85c20000 - 0x00007ffe85d0f000 	C:\Users\CGD\AppData\Local\Temp\javacpp72168454052924\msvcr120.dll
0x00007ffe770e0000 - 0x00007ffe77186000 	C:\Users\CGD\AppData\Local\Temp\javacpp72168454052924\msvcp120.dll
0x00007ffe71d80000 - 0x00007ffe71ff9000 	C:\Users\CGD\AppData\Local\Temp\javacpp72168454052924\opencv_core310.dll
0x00007ffe6aff0000 - 0x00007ffe6b331000 	C:\Users\CGD\AppData\Local\Temp\javacpp72168454052924\opencv_imgproc310.dll
0x00007ffe714b0000 - 0x00007ffe716a8000 	C:\Users\CGD\AppData\Local\Temp\javacpp72168454052924\jniopencv_core.dll
0x00007ffe75470000 - 0x00007ffe7553d000 	C:\Users\CGD\AppData\Local\Temp\javacpp72168454052924\opencv_ml310.dll
0x00007ffe85a40000 - 0x00007ffe85a78000 	C:\Users\CGD\AppData\Local\Temp\javacpp72168454052924\jniopencv_ml.dll
0x00007ffe74190000 - 0x00007ffe74236000 	C:\Users\CGD\AppData\Local\Temp\javacpp72168454052924\jniopencv_imgproc.dll
0x00007ffe6ad20000 - 0x00007ffe6afe8000 	C:\Users\CGD\AppData\Local\Temp\javacpp72168454052924\opencv_imgcodecs310.dll
0x00007ffe91ac0000 - 0x00007ffe91adc000 	C:\Users\CGD\AppData\Local\Temp\javacpp72168454052924\jniopencv_imgcodecs.dll
0x00007ffe9fe30000 - 0x00007ffe9fe3f000 	C:\WINDOWS\system32\kernel.appcore.dll
0x00007ffe87020000 - 0x00007ffe871ac000 	C:\WINDOWS\SYSTEM32\dbghelp.dll

VM Arguments:
jvm_args: -Xms3096M -Xmx3096M -XX:PermSize=256M -XX:MaxPermSize=256M -Dfile.encoding=UTF-8 
java_command: org.eclipse.jdt.internal.junit.runner.RemoteTestRunner -version 3 -port 49790 -testLoaderClass org.eclipse.jdt.internal.junit4.runner.JUnit4TestLoader -loaderpluginname org.eclipse.jdt.junit4.runtime -test com.crenjoy.easypr.test.PlateRecognizeTest:test
Launcher Type: SUN_STANDARD

Environment Variables:
JAVA_HOME=D:\Java\jdk1.7.0_80
PATH=F:\oraclexe\app\oracle\product\10.2.0\server\bin;C:\Windows\system32;C:\Windows;C:\Windows\System32\Wbem;C:\Windows\System32\WindowsPowerShell\v1.0\;;C:\Program Files (x86)\NVIDIA Corporation\PhysX\Common;C:\Program Files\Lenovo\Fingerprint Manager Pro\;D:\Java\jdk1.7.0_80\bin;D:\Java\apache-maven-3.2.3\bin;C:\Program Files\TortoiseSVN\bin;C:\Program Files (x86)\Microsoft SQL Server\100\Tools\Binn\;C:\Program Files\Microsoft SQL Server\100\Tools\Binn\;C:\Program Files\Microsoft SQL Server\100\DTS\Binn\;C:\Program Files\Intel\WiFi\bin\;C:\Program Files\Common Files\Intel\WirelessCommon\;D:\Java\MinGW\bin;C:\WINDOWS\system32;C:\WINDOWS;C:\WINDOWS\System32\Wbem;C:\WINDOWS\System32\WindowsPowerShell\v1.0\;D:\Java\opencv-3.0.0\build\x64\vc12\bin
USERNAME=CGD
OS=Windows_NT
PROCESSOR_IDENTIFIER=Intel64 Family 6 Model 61 Stepping 4, GenuineIntel



---------------  S Y S T E M  ---------------

OS: Windows 8.1 , 64 bit Build 9600 

CPU:total 4 (2 cores per cpu, 2 threads per core) family 6 model 61 stepping 4, cmov, cx8, fxsr, mmx, sse, sse2, sse3, ssse3, sse4.1, sse4.2, popcnt, avx, avx2, aes, erms, ht, tsc, tscinvbit

Memory: 4k page, physical 8077540k(610412k free), swap 16204004k(4012096k free)

vm_info: Java HotSpot(TM) 64-Bit Server VM (24.80-b11) for windows-amd64 JRE (1.7.0_80-b15), built on Apr 10 2015 11:26:34 by "java_re" with unknown MS VC++:1600

time: Mon Jul 04 19:18:31 2016
elapsed time: 62 seconds

